Started GET "/" for ::1 at 2020-10-08 16:36:51 -0700
DEPRECATION WARNING: ActiveRecord::Base.raise_in_transactional_callbacks= is deprecated, has no effect and will be removed without replacement. (called from block (3 levels) in <class:Railtie> at /Users/carlosgarciajr/.rbenv/versions/2.5.1/lib/ruby/gems/2.5.0/gems/activerecord-5.0.7.2/lib/active_record/railtie.rb:113)
Processing by StaticPagesController#index as HTML
  Rendering static_pages/index.html.erb within layouts/application
  Rendered shared/_main_nav.html.erb (0.3ms)
  Rendered shared/_masthead.html.erb (0.2ms)
  Rendered shared/_sections_nav.html.erb (0.2ms)
  Rendered shared/_search_modal.html.erb (0.2ms)
  Rendered shared/_main_content.html.erb (0.2ms)
  Rendered static_pages/index.html.erb within layouts/application (15.2ms)
Completed 200 OK in 362ms (Views: 358.9ms | ActiveRecord: 0.0ms)


Started GET "/assets/application.self-5e5b219656abf8c4e83f7dfd5e5f4f415d8fe2348d16620303a4ed96d1b5a144.css?body=1" for ::1 at 2020-10-08 16:36:52 -0700
Started GET "/" for ::1 at 2020-10-08 16:36:53 -0700
Processing by StaticPagesController#index as HTML
  Rendering static_pages/index.html.erb within layouts/application
  Rendered shared/_main_nav.html.erb (0.2ms)
  Rendered shared/_masthead.html.erb (0.2ms)
  Rendered shared/_sections_nav.html.erb (0.2ms)
  Rendered shared/_search_modal.html.erb (0.2ms)
  Rendered shared/_main_content.html.erb (0.1ms)
  Rendered static_pages/index.html.erb within layouts/application (13.2ms)
Completed 200 OK in 29ms (Views: 26.9ms | ActiveRecord: 0.0ms)


Started GET "/" for ::1 at 2020-10-08 16:37:17 -0700
Processing by StaticPagesController#index as HTML
  Rendering static_pages/index.html.erb within layouts/application
  Rendered shared/_main_nav.html.erb (0.2ms)
  Rendered shared/_masthead.html.erb (0.2ms)
  Rendered shared/_sections_nav.html.erb (0.2ms)
  Rendered shared/_search_modal.html.erb (0.2ms)
  Rendered shared/_main_content.html.erb (0.2ms)
  Rendered static_pages/index.html.erb within layouts/application (14.6ms)
Completed 200 OK in 35ms (Views: 31.8ms | ActiveRecord: 0.0ms)


Started GET "/" for ::1 at 2020-10-08 16:37:20 -0700
Processing by StaticPagesController#index as HTML
  Rendering static_pages/index.html.erb within layouts/application
  Rendered shared/_main_nav.html.erb (0.2ms)
  Rendered shared/_masthead.html.erb (0.2ms)
  Rendered shared/_sections_nav.html.erb (0.2ms)
  Rendered shared/_search_modal.html.erb (0.2ms)
  Rendered shared/_main_content.html.erb (0.2ms)
  Rendered static_pages/index.html.erb within layouts/application (12.8ms)
Completed 200 OK in 30ms (Views: 27.7ms | ActiveRecord: 0.0ms)


Started GET "/" for ::1 at 2020-10-09 09:59:50 -0700
DEPRECATION WARNING: ActiveRecord::Base.raise_in_transactional_callbacks= is deprecated, has no effect and will be removed without replacement. (called from block (3 levels) in <class:Railtie> at /Users/carlosgarciajr/.rbenv/versions/2.5.1/lib/ruby/gems/2.5.0/gems/activerecord-5.0.7.2/lib/active_record/railtie.rb:113)
Processing by StaticPagesController#index as HTML
  Rendering static_pages/index.html.erb within layouts/application
  Rendered shared/_main_nav.html.erb (0.3ms)
  Rendered shared/_masthead.html.erb (0.2ms)
  Rendered shared/_sections_nav.html.erb (0.2ms)
  Rendered shared/_search_modal.html.erb (0.2ms)
  Rendered shared/_main_content.html.erb (0.2ms)
  Rendered static_pages/index.html.erb within layouts/application (15.4ms)
Completed 200 OK in 353ms (Views: 350.1ms | ActiveRecord: 0.0ms)


Started GET "/assets/application.self-7aae4f884d21c0f895d0e25909b4a3857ca3f7bdd4412baf28bf32a8b1f558b1.css?body=1" for ::1 at 2020-10-09 09:59:51 -0700
Started GET "/" for ::1 at 2020-10-09 10:00:16 -0700
Processing by StaticPagesController#index as HTML
  Rendering static_pages/index.html.erb within layouts/application
  Rendered shared/_main_nav.html.erb (0.2ms)
  Rendered shared/_masthead.html.erb (0.2ms)
  Rendered shared/_sections_nav.html.erb (0.1ms)
  Rendered shared/_search_modal.html.erb (0.2ms)
  Rendered shared/_main_content.html.erb (0.4ms)
  Rendered static_pages/index.html.erb within layouts/application (12.9ms)
Completed 200 OK in 34ms (Views: 30.5ms | ActiveRecord: 0.0ms)


Started GET "/assets/new_office.jpg" for ::1 at 2020-10-09 10:00:16 -0700
Started GET "/" for ::1 at 2020-10-09 10:03:51 -0700
Processing by StaticPagesController#index as HTML
  Rendering static_pages/index.html.erb within layouts/application
  Rendered shared/_main_nav.html.erb (0.2ms)
  Rendered shared/_masthead.html.erb (0.2ms)
  Rendered shared/_sections_nav.html.erb (0.3ms)
  Rendered shared/_search_modal.html.erb (0.2ms)
  Rendered shared/_main_content.html.erb (0.3ms)
  Rendered static_pages/index.html.erb within layouts/application (13.1ms)
Completed 200 OK in 109ms (Views: 104.9ms | ActiveRecord: 0.0ms)


Started GET "/assets/application.self-e229079662ba64eec2df88cc9898f07a6b5005419aa37c928d3d684a6d58d3e4.css?body=1" for ::1 at 2020-10-09 10:03:51 -0700
Started GET "/assets/new_office.jpg" for ::1 at 2020-10-09 10:03:51 -0700
Started GET "/" for ::1 at 2020-10-12 13:48:14 -0700
DEPRECATION WARNING: ActiveRecord::Base.raise_in_transactional_callbacks= is deprecated, has no effect and will be removed without replacement. (called from block (3 levels) in <class:Railtie> at /Users/carlosgarciajr/.rbenv/versions/2.5.1/lib/ruby/gems/2.5.0/gems/activerecord-5.0.7.2/lib/active_record/railtie.rb:113)
Processing by StaticPagesController#index as HTML
  Rendering static_pages/index.html.erb within layouts/application
  Rendered shared/_main_nav.html.erb (0.2ms)
  Rendered shared/_masthead.html.erb (0.1ms)
  Rendered shared/_sections_nav.html.erb (0.1ms)
  Rendered shared/_search_modal.html.erb (0.2ms)
  Rendered shared/_main_content.html.erb (0.3ms)
  Rendered static_pages/index.html.erb within layouts/application (14.5ms)
Completed 500 Internal Server Error in 194ms (ActiveRecord: 0.0ms)



Sass::SyntaxError - File to import not found or unreadable: base/grid.scss.
Load paths:
  /Users/carlosgarciajr/Documents/programming/app_academy_work/curriculum/html-css/projects/aa_times/skeleton/app/assets/images
  /Users/carlosgarciajr/Documents/programming/app_academy_work/curriculum/html-css/projects/aa_times/skeleton/app/assets/javascripts
  /Users/carlosgarciajr/Documents/programming/app_academy_work/curriculum/html-css/projects/aa_times/skeleton/app/assets/stylesheets
  /Users/carlosgarciajr/Documents/programming/app_academy_work/curriculum/html-css/projects/aa_times/skeleton/vendor/assets/javascripts
  /Users/carlosgarciajr/Documents/programming/app_academy_work/curriculum/html-css/projects/aa_times/skeleton/vendor/assets/stylesheets
  /Users/carlosgarciajr/.rbenv/versions/2.5.1/lib/ruby/gems/2.5.0/gems/jquery-rails-4.4.0/vendor/assets/javascripts
  /Users/carlosgarciajr/.rbenv/versions/2.5.1/lib/ruby/gems/2.5.0/gems/coffee-rails-4.2.2/lib/assets/javascripts
  /Users/carlosgarciajr/.rbenv/versions/2.5.1/lib/ruby/gems/2.5.0/gems/actioncable-5.0.7.2/lib/assets/compiled:
  app/views/layouts/application.html.erb:7:in `_app_views_layouts_application_html_erb___270333905406359367_70279989431840'

Started POST "/__better_errors/927a171e4587d656/variables" for ::1 at 2020-10-12 13:48:14 -0700
Started GET "/" for ::1 at 2020-10-12 13:48:41 -0700
Processing by StaticPagesController#index as HTML
  Rendering static_pages/index.html.erb within layouts/application
  Rendered shared/_main_nav.html.erb (0.2ms)
  Rendered shared/_masthead.html.erb (0.1ms)
  Rendered shared/_sections_nav.html.erb (0.3ms)
  Rendered shared/_search_modal.html.erb (0.3ms)
  Rendered shared/_main_content.html.erb (0.2ms)
  Rendered static_pages/index.html.erb within layouts/application (12.8ms)
Completed 200 OK in 110ms (Views: 107.4ms | ActiveRecord: 0.0ms)


Started GET "/assets/application.self-1237ad35a9ee79bd64030d4638d1fd80f6734c490eb538e0dd01d7af3c16bf40.css?body=1" for ::1 at 2020-10-12 13:48:41 -0700
Started GET "/" for ::1 at 2020-10-12 13:48:43 -0700
Processing by StaticPagesController#index as HTML
  Rendering static_pages/index.html.erb within layouts/application
  Rendered shared/_main_nav.html.erb (0.2ms)
  Rendered shared/_masthead.html.erb (0.2ms)
  Rendered shared/_sections_nav.html.erb (0.2ms)
  Rendered shared/_search_modal.html.erb (0.2ms)
  Rendered shared/_main_content.html.erb (0.2ms)
  Rendered static_pages/index.html.erb within layouts/application (13.1ms)
Completed 200 OK in 33ms (Views: 29.9ms | ActiveRecord: 0.0ms)


Started GET "/" for ::1 at 2020-10-12 13:55:52 -0700
DEPRECATION WARNING: ActiveRecord::Base.raise_in_transactional_callbacks= is deprecated, has no effect and will be removed without replacement. (called from block (3 levels) in <class:Railtie> at /Users/carlosgarciajr/.rbenv/versions/2.5.1/lib/ruby/gems/2.5.0/gems/activerecord-5.0.7.2/lib/active_record/railtie.rb:113)
Processing by StaticPagesController#index as HTML
  Rendering static_pages/index.html.erb within layouts/application
  Rendered shared/_main_nav.html.erb (0.2ms)
  Rendered shared/_masthead.html.erb (0.1ms)
  Rendered shared/_sections_nav.html.erb (0.3ms)
  Rendered shared/_search_modal.html.erb (0.2ms)
  Rendered shared/_main_content.html.erb (0.3ms)
  Rendered static_pages/index.html.erb within layouts/application (14.6ms)
Completed 200 OK in 257ms (Views: 254.8ms | ActiveRecord: 0.0ms)


Started GET "/assets/application.self-758afe40c177e32f890a8b8e23f11571b5d1785af915c0789bd6a19191afc6ab.css?body=1" for ::1 at 2020-10-12 13:55:52 -0700
Started GET "/assets/new_office.jpg" for ::1 at 2020-10-12 13:55:52 -0700
Started GET "/" for ::1 at 2020-10-12 13:56:32 -0700
Processing by StaticPagesController#index as HTML
  Rendering static_pages/index.html.erb within layouts/application
  Rendered shared/_main_nav.html.erb (0.1ms)
  Rendered shared/_masthead.html.erb (0.2ms)
  Rendered shared/_sections_nav.html.erb (0.1ms)
  Rendered shared/_search_modal.html.erb (0.3ms)
  Rendered shared/_main_content.html.erb (0.3ms)
  Rendered static_pages/index.html.erb within layouts/application (12.3ms)
Completed 200 OK in 75ms (Views: 72.8ms | ActiveRecord: 0.0ms)


Started GET "/assets/application.self-e229079662ba64eec2df88cc9898f07a6b5005419aa37c928d3d684a6d58d3e4.css?body=1" for ::1 at 2020-10-12 13:56:32 -0700
Started GET "/assets/new_office.jpg" for ::1 at 2020-10-12 13:56:32 -0700
Started GET "/" for ::1 at 2020-10-12 13:56:33 -0700
Processing by StaticPagesController#index as HTML
  Rendering static_pages/index.html.erb within layouts/application
  Rendered shared/_main_nav.html.erb (0.2ms)
  Rendered shared/_masthead.html.erb (0.2ms)
  Rendered shared/_sections_nav.html.erb (0.2ms)
  Rendered shared/_search_modal.html.erb (0.2ms)
  Rendered shared/_main_content.html.erb (0.2ms)
  Rendered static_pages/index.html.erb within layouts/application (12.9ms)
Completed 200 OK in 34ms (Views: 31.3ms | ActiveRecord: 0.0ms)


Started GET "/assets/new_office.jpg" for ::1 at 2020-10-12 13:56:33 -0700
Started GET "/" for ::1 at 2020-10-12 13:57:15 -0700
Processing by StaticPagesController#index as HTML
  Rendering static_pages/index.html.erb within layouts/application
  Rendered shared/_main_nav.html.erb (0.2ms)
  Rendered shared/_masthead.html.erb (0.2ms)
  Rendered shared/_sections_nav.html.erb (0.2ms)
  Rendered shared/_search_modal.html.erb (0.2ms)
  Rendered shared/_main_content.html.erb (0.3ms)
  Rendered static_pages/index.html.erb within layouts/application (12.6ms)
Completed 200 OK in 92ms (Views: 88.2ms | ActiveRecord: 0.0ms)


Started GET "/assets/application.self-7aae4f884d21c0f895d0e25909b4a3857ca3f7bdd4412baf28bf32a8b1f558b1.css?body=1" for ::1 at 2020-10-12 13:57:15 -0700
Started GET "/assets/new_office.jpg" for ::1 at 2020-10-12 13:57:15 -0700
Started GET "/" for ::1 at 2021-01-07 09:45:36 -0800
DEPRECATION WARNING: ActiveRecord::Base.raise_in_transactional_callbacks= is deprecated, has no effect and will be removed without replacement. (called from block (3 levels) in <class:Railtie> at /Users/estanob/.rbenv/versions/2.5.1/lib/ruby/gems/2.5.0/gems/activerecord-5.0.7.2/lib/active_record/railtie.rb:113)
Processing by StaticPagesController#index as HTML
  Rendering static_pages/index.html.erb within layouts/application
  Rendered shared/_main_nav.html.erb (0.5ms)
  Rendered shared/_masthead.html.erb (0.5ms)
  Rendered shared/_sections_nav.html.erb (0.3ms)
  Rendered shared/_search_modal.html.erb (0.3ms)
  Rendered shared/_main_content.html.erb (0.3ms)
  Rendered static_pages/index.html.erb within layouts/application (26.5ms)
Completed 200 OK in 984ms (Views: 975.0ms | ActiveRecord: 0.0ms)


Started GET "/assets/jquery.self-bd7ddd393353a8d2480a622e80342adf488fb6006d667e8b42e4c0073393abee.js?body=1" for ::1 at 2021-01-07 09:45:38 -0800
Started GET "/assets/jquery_ujs.self-784a997f6726036b1993eb2217c9cb558e1cbb801c6da88105588c56f13b466a.js?body=1" for ::1 at 2021-01-07 09:45:38 -0800
Started GET "/assets/components/modal.self-52188644dbb47def5ee35ae02e69eb567ca9b664472357a8a5789dd39032a265.js?body=1" for ::1 at 2021-01-07 09:45:38 -0800
Started GET "/assets/components/sidebar.self-2a1277f850a6fa21e1a974ef5152f177ac05516477d5081d593bb137b3d6808b.js?body=1" for ::1 at 2021-01-07 09:45:38 -0800
Started GET "/assets/application.self-1899b6320b8ef89e2df067e354ed2ff28a87b6d8c942c13bc4d10467b6e10dcd.css?body=1" for ::1 at 2021-01-07 09:45:38 -0800
Started GET "/assets/application.self-f571b9db02bf4ed04c38a6a29072ac382f7d4f47db1fab9817aeadb0d8665235.js?body=1" for ::1 at 2021-01-07 09:45:38 -0800
Started GET "/" for ::1 at 2021-01-07 09:45:44 -0800
Processing by StaticPagesController#index as HTML
  Rendering static_pages/index.html.erb within layouts/application
  Rendered shared/_main_nav.html.erb (0.5ms)
  Rendered shared/_masthead.html.erb (0.3ms)
  Rendered shared/_sections_nav.html.erb (0.4ms)
  Rendered shared/_search_modal.html.erb (0.3ms)
  Rendered shared/_main_content.html.erb (0.4ms)
  Rendered static_pages/index.html.erb within layouts/application (24.5ms)
Completed 200 OK in 66ms (Views: 58.3ms | ActiveRecord: 0.0ms)


Started GET "/assets/application.self-1899b6320b8ef89e2df067e354ed2ff28a87b6d8c942c13bc4d10467b6e10dcd.css?body=1&livereload=1610041899833" for ::1 at 2021-01-07 09:51:39 -0800
Started GET "/assets/application.self-1899b6320b8ef89e2df067e354ed2ff28a87b6d8c942c13bc4d10467b6e10dcd.css?body=1&livereload=1610041899835" for ::1 at 2021-01-07 09:51:39 -0800
Started GET "/assets/application.self-1899b6320b8ef89e2df067e354ed2ff28a87b6d8c942c13bc4d10467b6e10dcd.css?body=1&livereload=1610041925294" for ::1 at 2021-01-07 09:52:05 -0800
Started GET "/assets/application.self-1899b6320b8ef89e2df067e354ed2ff28a87b6d8c942c13bc4d10467b6e10dcd.css?body=1&livereload=1610041925299" for ::1 at 2021-01-07 09:52:05 -0800
Started GET "/assets/application.self-1899b6320b8ef89e2df067e354ed2ff28a87b6d8c942c13bc4d10467b6e10dcd.css?body=1&livereload=1610041932840" for ::1 at 2021-01-07 09:52:12 -0800
Started GET "/assets/application.self-1899b6320b8ef89e2df067e354ed2ff28a87b6d8c942c13bc4d10467b6e10dcd.css?body=1&livereload=1610041932842" for ::1 at 2021-01-07 09:52:12 -0800
Started GET "/assets/application.self-1899b6320b8ef89e2df067e354ed2ff28a87b6d8c942c13bc4d10467b6e10dcd.css?body=1&livereload=1610041953064" for ::1 at 2021-01-07 09:52:33 -0800
Started GET "/assets/application.self-1899b6320b8ef89e2df067e354ed2ff28a87b6d8c942c13bc4d10467b6e10dcd.css?body=1&livereload=1610041953065" for ::1 at 2021-01-07 09:52:33 -0800
Started GET "/assets/application.self-1899b6320b8ef89e2df067e354ed2ff28a87b6d8c942c13bc4d10467b6e10dcd.css?body=1&livereload=1610041957083" for ::1 at 2021-01-07 09:52:37 -0800
Started GET "/assets/application.self-1899b6320b8ef89e2df067e354ed2ff28a87b6d8c942c13bc4d10467b6e10dcd.css?body=1&livereload=1610041957085" for ::1 at 2021-01-07 09:52:37 -0800
Started GET "/assets/application.self-1899b6320b8ef89e2df067e354ed2ff28a87b6d8c942c13bc4d10467b6e10dcd.css?body=1&livereload=1610041960832" for ::1 at 2021-01-07 09:52:40 -0800
Started GET "/assets/application.self-1899b6320b8ef89e2df067e354ed2ff28a87b6d8c942c13bc4d10467b6e10dcd.css?body=1&livereload=1610041960833" for ::1 at 2021-01-07 09:52:40 -0800
Started GET "/assets/application.self-1899b6320b8ef89e2df067e354ed2ff28a87b6d8c942c13bc4d10467b6e10dcd.css?body=1&livereload=1610041970646" for ::1 at 2021-01-07 09:52:50 -0800
Started GET "/assets/application.self-1899b6320b8ef89e2df067e354ed2ff28a87b6d8c942c13bc4d10467b6e10dcd.css?body=1&livereload=1610041970648" for ::1 at 2021-01-07 09:52:50 -0800
Started GET "/assets/application.self-1899b6320b8ef89e2df067e354ed2ff28a87b6d8c942c13bc4d10467b6e10dcd.css?body=1&livereload=1610041974575" for ::1 at 2021-01-07 09:52:54 -0800
Started GET "/assets/application.self-1899b6320b8ef89e2df067e354ed2ff28a87b6d8c942c13bc4d10467b6e10dcd.css?body=1&livereload=1610041974584" for ::1 at 2021-01-07 09:52:54 -0800
Started GET "/assets/application.self-1899b6320b8ef89e2df067e354ed2ff28a87b6d8c942c13bc4d10467b6e10dcd.css?body=1&livereload=1610041991707" for ::1 at 2021-01-07 09:53:11 -0800
Started GET "/assets/application.self-1899b6320b8ef89e2df067e354ed2ff28a87b6d8c942c13bc4d10467b6e10dcd.css?body=1&livereload=1610041991709" for ::1 at 2021-01-07 09:53:11 -0800
Started GET "/assets/application.self-1899b6320b8ef89e2df067e354ed2ff28a87b6d8c942c13bc4d10467b6e10dcd.css?body=1&livereload=1610042000679" for ::1 at 2021-01-07 09:53:20 -0800
Started GET "/assets/application.self-1899b6320b8ef89e2df067e354ed2ff28a87b6d8c942c13bc4d10467b6e10dcd.css?body=1&livereload=1610042000681" for ::1 at 2021-01-07 09:53:20 -0800
Started GET "/assets/application.self-1899b6320b8ef89e2df067e354ed2ff28a87b6d8c942c13bc4d10467b6e10dcd.css?body=1&livereload=1610042027142" for ::1 at 2021-01-07 09:53:47 -0800
Started GET "/assets/application.self-1899b6320b8ef89e2df067e354ed2ff28a87b6d8c942c13bc4d10467b6e10dcd.css?body=1&livereload=1610042027143" for ::1 at 2021-01-07 09:53:47 -0800
Started GET "/assets/application.self-1899b6320b8ef89e2df067e354ed2ff28a87b6d8c942c13bc4d10467b6e10dcd.css?body=1&livereload=1610042043526" for ::1 at 2021-01-07 09:54:03 -0800
Started GET "/assets/application.self-1899b6320b8ef89e2df067e354ed2ff28a87b6d8c942c13bc4d10467b6e10dcd.css?body=1&livereload=1610042043525" for ::1 at 2021-01-07 09:54:03 -0800
Started GET "/assets/application.self-1899b6320b8ef89e2df067e354ed2ff28a87b6d8c942c13bc4d10467b6e10dcd.css?body=1&livereload=1610042064840" for ::1 at 2021-01-07 09:54:24 -0800
Started GET "/assets/application.self-1899b6320b8ef89e2df067e354ed2ff28a87b6d8c942c13bc4d10467b6e10dcd.css?body=1&livereload=1610042064842" for ::1 at 2021-01-07 09:54:24 -0800
Started GET "/assets/application.self-1899b6320b8ef89e2df067e354ed2ff28a87b6d8c942c13bc4d10467b6e10dcd.css?body=1&livereload=1610042072431" for ::1 at 2021-01-07 09:54:32 -0800
Started GET "/assets/application.self-1899b6320b8ef89e2df067e354ed2ff28a87b6d8c942c13bc4d10467b6e10dcd.css?body=1&livereload=1610042072434" for ::1 at 2021-01-07 09:54:32 -0800
Started GET "/assets/application.self-1899b6320b8ef89e2df067e354ed2ff28a87b6d8c942c13bc4d10467b6e10dcd.css?body=1&livereload=1610042079558" for ::1 at 2021-01-07 09:54:39 -0800
Started GET "/assets/application.self-1899b6320b8ef89e2df067e354ed2ff28a87b6d8c942c13bc4d10467b6e10dcd.css?body=1&livereload=1610042079551" for ::1 at 2021-01-07 09:54:39 -0800
Started GET "/assets/application.self-1899b6320b8ef89e2df067e354ed2ff28a87b6d8c942c13bc4d10467b6e10dcd.css?body=1&livereload=1610042083052" for ::1 at 2021-01-07 09:54:43 -0800
Started GET "/assets/application.self-1899b6320b8ef89e2df067e354ed2ff28a87b6d8c942c13bc4d10467b6e10dcd.css?body=1&livereload=1610042083054" for ::1 at 2021-01-07 09:54:43 -0800
Started GET "/assets/application.self-1899b6320b8ef89e2df067e354ed2ff28a87b6d8c942c13bc4d10467b6e10dcd.css?body=1&livereload=1610042093905" for ::1 at 2021-01-07 09:54:53 -0800
Started GET "/assets/application.self-1899b6320b8ef89e2df067e354ed2ff28a87b6d8c942c13bc4d10467b6e10dcd.css?body=1&livereload=1610042093906" for ::1 at 2021-01-07 09:54:53 -0800
Started GET "/assets/application.self-1899b6320b8ef89e2df067e354ed2ff28a87b6d8c942c13bc4d10467b6e10dcd.css?body=1&livereload=1610042101695" for ::1 at 2021-01-07 09:55:01 -0800
Started GET "/assets/application.self-1899b6320b8ef89e2df067e354ed2ff28a87b6d8c942c13bc4d10467b6e10dcd.css?body=1&livereload=1610042101689" for ::1 at 2021-01-07 09:55:01 -0800
Started GET "/assets/application.self-1899b6320b8ef89e2df067e354ed2ff28a87b6d8c942c13bc4d10467b6e10dcd.css?body=1&livereload=1610042134186" for ::1 at 2021-01-07 09:55:34 -0800
Started GET "/assets/application.self-1899b6320b8ef89e2df067e354ed2ff28a87b6d8c942c13bc4d10467b6e10dcd.css?body=1&livereload=1610042134188" for ::1 at 2021-01-07 09:55:34 -0800
Started GET "/assets/application.self-1899b6320b8ef89e2df067e354ed2ff28a87b6d8c942c13bc4d10467b6e10dcd.css?body=1&livereload=1610042150864" for ::1 at 2021-01-07 09:55:50 -0800
Started GET "/assets/application.self-1899b6320b8ef89e2df067e354ed2ff28a87b6d8c942c13bc4d10467b6e10dcd.css?body=1&livereload=1610042150865" for ::1 at 2021-01-07 09:55:50 -0800
Started GET "/" for ::1 at 2021-01-07 09:56:15 -0800
Processing by StaticPagesController#index as HTML
  Rendering static_pages/index.html.erb within layouts/application
  Rendered shared/_main_nav.html.erb (0.8ms)
  Rendered shared/_masthead.html.erb (2.9ms)
  Rendered shared/_sections_nav.html.erb (1.2ms)
  Rendered shared/_search_modal.html.erb (0.3ms)
  Rendered shared/_main_content.html.erb (0.4ms)
  Rendered static_pages/index.html.erb within layouts/application (40.2ms)
Completed 200 OK in 145ms (Views: 140.4ms | ActiveRecord: 0.0ms)


Started GET "/assets/application.self-84b126aec6a1fc6d0fe26ed008d60a76d65304963ffa2e4d2d291018853c39c0.css?body=1" for ::1 at 2021-01-07 09:56:15 -0800
Started GET "/" for ::1 at 2021-01-07 09:56:17 -0800
Processing by StaticPagesController#index as HTML
  Rendering static_pages/index.html.erb within layouts/application
  Rendered shared/_main_nav.html.erb (1.4ms)
  Rendered shared/_masthead.html.erb (0.4ms)
  Rendered shared/_sections_nav.html.erb (0.4ms)
  Rendered shared/_search_modal.html.erb (0.4ms)
  Rendered shared/_main_content.html.erb (0.4ms)
  Rendered static_pages/index.html.erb within layouts/application (30.1ms)
Completed 200 OK in 71ms (Views: 64.3ms | ActiveRecord: 0.0ms)


Started GET "/" for ::1 at 2021-01-07 09:56:38 -0800
Processing by StaticPagesController#index as HTML
  Rendering static_pages/index.html.erb within layouts/application
  Rendered shared/_main_nav.html.erb (0.6ms)
  Rendered shared/_masthead.html.erb (0.5ms)
  Rendered shared/_sections_nav.html.erb (0.4ms)
  Rendered shared/_search_modal.html.erb (0.6ms)
  Rendered shared/_main_content.html.erb (0.7ms)
  Rendered static_pages/index.html.erb within layouts/application (38.6ms)
Completed 200 OK in 122ms (Views: 118.1ms | ActiveRecord: 0.0ms)


Started GET "/assets/application.self-84b126aec6a1fc6d0fe26ed008d60a76d65304963ffa2e4d2d291018853c39c0.css?body=1&livereload=1610042304898" for ::1 at 2021-01-07 09:58:24 -0800
Started GET "/assets/application.self-84b126aec6a1fc6d0fe26ed008d60a76d65304963ffa2e4d2d291018853c39c0.css?body=1&livereload=1610042304896" for ::1 at 2021-01-07 09:58:24 -0800
Started GET "/assets/application.self-84b126aec6a1fc6d0fe26ed008d60a76d65304963ffa2e4d2d291018853c39c0.css?body=1&livereload=1610042316984" for ::1 at 2021-01-07 09:58:37 -0800
Started GET "/assets/application.self-84b126aec6a1fc6d0fe26ed008d60a76d65304963ffa2e4d2d291018853c39c0.css?body=1&livereload=1610042316980" for ::1 at 2021-01-07 09:58:37 -0800
Started GET "/assets/application.self-84b126aec6a1fc6d0fe26ed008d60a76d65304963ffa2e4d2d291018853c39c0.css?body=1&livereload=1610042323151" for ::1 at 2021-01-07 09:58:43 -0800
Started GET "/assets/application.self-84b126aec6a1fc6d0fe26ed008d60a76d65304963ffa2e4d2d291018853c39c0.css?body=1&livereload=1610042323153" for ::1 at 2021-01-07 09:58:43 -0800
Started GET "/assets/application.self-84b126aec6a1fc6d0fe26ed008d60a76d65304963ffa2e4d2d291018853c39c0.css?body=1&livereload=1610042332073" for ::1 at 2021-01-07 09:58:52 -0800
Started GET "/assets/application.self-84b126aec6a1fc6d0fe26ed008d60a76d65304963ffa2e4d2d291018853c39c0.css?body=1&livereload=1610042332075" for ::1 at 2021-01-07 09:58:52 -0800
Started GET "/assets/application.self-84b126aec6a1fc6d0fe26ed008d60a76d65304963ffa2e4d2d291018853c39c0.css?body=1&livereload=1610042338344" for ::1 at 2021-01-07 09:58:58 -0800
Started GET "/assets/application.self-84b126aec6a1fc6d0fe26ed008d60a76d65304963ffa2e4d2d291018853c39c0.css?body=1&livereload=1610042338341" for ::1 at 2021-01-07 09:58:58 -0800
Started GET "/assets/application.self-84b126aec6a1fc6d0fe26ed008d60a76d65304963ffa2e4d2d291018853c39c0.css?body=1&livereload=1610042346600" for ::1 at 2021-01-07 09:59:06 -0800
Started GET "/assets/application.self-84b126aec6a1fc6d0fe26ed008d60a76d65304963ffa2e4d2d291018853c39c0.css?body=1&livereload=1610042346602" for ::1 at 2021-01-07 09:59:06 -0800
Started GET "/assets/application.self-84b126aec6a1fc6d0fe26ed008d60a76d65304963ffa2e4d2d291018853c39c0.css?body=1&livereload=1610042347737" for ::1 at 2021-01-07 09:59:07 -0800
Started GET "/assets/application.self-84b126aec6a1fc6d0fe26ed008d60a76d65304963ffa2e4d2d291018853c39c0.css?body=1&livereload=1610042347739" for ::1 at 2021-01-07 09:59:07 -0800
Started GET "/" for ::1 at 2021-01-07 09:59:17 -0800
Processing by StaticPagesController#index as HTML
  Rendering static_pages/index.html.erb within layouts/application
  Rendered shared/_main_nav.html.erb (2.3ms)
  Rendered shared/_masthead.html.erb (0.4ms)
  Rendered shared/_sections_nav.html.erb (0.4ms)
  Rendered shared/_search_modal.html.erb (0.3ms)
  Rendered shared/_main_content.html.erb (0.2ms)
  Rendered static_pages/index.html.erb within layouts/application (61.5ms)
Completed 200 OK in 222ms (Views: 213.7ms | ActiveRecord: 0.0ms)


Started GET "/assets/application.self-8af64ade973f6b3f5d85b41b5d7253ae5e89794e6089265670878eaea2016cb7.css?body=1" for ::1 at 2021-01-07 09:59:18 -0800
Started GET "/" for ::1 at 2021-01-07 10:01:24 -0800
Processing by StaticPagesController#index as HTML
  Rendering static_pages/index.html.erb within layouts/application
  Rendered shared/_main_nav.html.erb (0.9ms)
  Rendered shared/_masthead.html.erb (0.7ms)
  Rendered shared/_sections_nav.html.erb (0.4ms)
  Rendered shared/_search_modal.html.erb (0.6ms)
  Rendered shared/_main_content.html.erb (0.4ms)
  Rendered static_pages/index.html.erb within layouts/application (35.7ms)
Completed 200 OK in 97ms (Views: 90.9ms | ActiveRecord: 0.0ms)


Started GET "/" for ::1 at 2021-01-07 10:01:29 -0800
Processing by StaticPagesController#index as HTML
  Rendering static_pages/index.html.erb within layouts/application
  Rendered shared/_main_nav.html.erb (0.6ms)
  Rendered shared/_masthead.html.erb (0.7ms)
  Rendered shared/_sections_nav.html.erb (0.5ms)
  Rendered shared/_search_modal.html.erb (0.4ms)
  Rendered shared/_main_content.html.erb (0.9ms)
  Rendered static_pages/index.html.erb within layouts/application (53.1ms)
Completed 200 OK in 207ms (Views: 198.4ms | ActiveRecord: 0.0ms)


Started GET "/" for ::1 at 2021-01-07 10:02:54 -0800
Processing by StaticPagesController#index as HTML
  Rendering static_pages/index.html.erb within layouts/application
  Rendered shared/_main_nav.html.erb (0.7ms)
  Rendered shared/_masthead.html.erb (0.5ms)
  Rendered shared/_sections_nav.html.erb (0.4ms)
  Rendered shared/_search_modal.html.erb (0.6ms)
  Rendered shared/_main_content.html.erb (0.4ms)
  Rendered static_pages/index.html.erb within layouts/application (29.2ms)
Completed 200 OK in 76ms (Views: 66.5ms | ActiveRecord: 0.0ms)


Started GET "/" for ::1 at 2021-01-07 10:02:54 -0800
Processing by StaticPagesController#index as HTML
  Rendering static_pages/index.html.erb within layouts/application
  Rendered shared/_main_nav.html.erb (0.5ms)
  Rendered shared/_masthead.html.erb (0.9ms)
  Rendered shared/_sections_nav.html.erb (0.5ms)
  Rendered shared/_search_modal.html.erb (0.3ms)
  Rendered shared/_main_content.html.erb (0.3ms)
  Rendered static_pages/index.html.erb within layouts/application (19.8ms)
Completed 200 OK in 58ms (Views: 54.3ms | ActiveRecord: 0.0ms)


Started GET "/" for ::1 at 2021-01-07 10:03:05 -0800
Processing by StaticPagesController#index as HTML
  Rendering static_pages/index.html.erb within layouts/application
  Rendered shared/_main_nav.html.erb (5.3ms)
  Rendered shared/_masthead.html.erb (0.4ms)
  Rendered shared/_sections_nav.html.erb (0.3ms)
  Rendered shared/_search_modal.html.erb (2.7ms)
  Rendered shared/_main_content.html.erb (0.3ms)
  Rendered static_pages/index.html.erb within layouts/application (33.0ms)
Completed 200 OK in 129ms (Views: 110.9ms | ActiveRecord: 0.0ms)


Started GET "/" for ::1 at 2021-01-07 10:03:09 -0800
Processing by StaticPagesController#index as HTML
  Rendering static_pages/index.html.erb within layouts/application
  Rendered shared/_main_nav.html.erb (1.6ms)
  Rendered shared/_masthead.html.erb (0.7ms)
  Rendered shared/_sections_nav.html.erb (0.5ms)
  Rendered shared/_search_modal.html.erb (0.4ms)
  Rendered shared/_main_content.html.erb (0.3ms)
  Rendered static_pages/index.html.erb within layouts/application (35.5ms)
Completed 200 OK in 70ms (Views: 66.8ms | ActiveRecord: 0.0ms)


Started GET "/" for ::1 at 2021-01-07 10:03:25 -0800
Processing by StaticPagesController#index as HTML
  Rendering static_pages/index.html.erb within layouts/application
  Rendered shared/_main_nav.html.erb (0.5ms)
  Rendered shared/_masthead.html.erb (0.4ms)
  Rendered shared/_sections_nav.html.erb (0.3ms)
  Rendered shared/_search_modal.html.erb (0.4ms)
  Rendered shared/_main_content.html.erb (0.3ms)
  Rendered static_pages/index.html.erb within layouts/application (36.9ms)
Completed 200 OK in 75ms (Views: 71.3ms | ActiveRecord: 0.0ms)


Started GET "/" for ::1 at 2021-01-07 10:03:34 -0800
Processing by StaticPagesController#index as HTML
  Rendering static_pages/index.html.erb within layouts/application
  Rendered shared/_main_nav.html.erb (4.6ms)
  Rendered shared/_masthead.html.erb (0.6ms)
  Rendered shared/_sections_nav.html.erb (0.4ms)
  Rendered shared/_search_modal.html.erb (0.7ms)
  Rendered shared/_main_content.html.erb (1.5ms)
  Rendered static_pages/index.html.erb within layouts/application (52.7ms)
Completed 200 OK in 163ms (Views: 141.5ms | ActiveRecord: 0.0ms)


Started GET "/" for ::1 at 2021-01-07 10:03:50 -0800
Processing by StaticPagesController#index as HTML
  Rendering static_pages/index.html.erb within layouts/application
  Rendered shared/_main_nav.html.erb (0.7ms)
  Rendered shared/_masthead.html.erb (3.0ms)
  Rendered shared/_sections_nav.html.erb (0.3ms)
  Rendered shared/_search_modal.html.erb (0.6ms)
  Rendered shared/_main_content.html.erb (0.7ms)
  Rendered static_pages/index.html.erb within layouts/application (33.0ms)
Completed 200 OK in 63ms (Views: 58.2ms | ActiveRecord: 0.0ms)


Started GET "/" for ::1 at 2021-01-07 10:03:52 -0800
Processing by StaticPagesController#index as HTML
  Rendering static_pages/index.html.erb within layouts/application
  Rendered shared/_main_nav.html.erb (0.7ms)
  Rendered shared/_masthead.html.erb (1.1ms)
  Rendered shared/_sections_nav.html.erb (0.4ms)
  Rendered shared/_search_modal.html.erb (0.3ms)
  Rendered shared/_main_content.html.erb (0.5ms)
  Rendered static_pages/index.html.erb within layouts/application (29.4ms)
Completed 200 OK in 83ms (Views: 69.9ms | ActiveRecord: 0.0ms)


Started GET "/" for ::1 at 2021-01-07 10:07:43 -0800
Processing by StaticPagesController#index as HTML
  Rendering static_pages/index.html.erb within layouts/application
  Rendered shared/_main_nav.html.erb (0.6ms)
  Rendered shared/_masthead.html.erb (0.4ms)
  Rendered shared/_sections_nav.html.erb (2.1ms)
  Rendered shared/_search_modal.html.erb (0.5ms)
  Rendered shared/_main_content.html.erb (0.3ms)
  Rendered static_pages/index.html.erb within layouts/application (30.7ms)
Completed 200 OK in 83ms (Views: 75.0ms | ActiveRecord: 0.0ms)


Started GET "/" for ::1 at 2021-01-07 10:07:56 -0800
Processing by StaticPagesController#index as HTML
  Rendering static_pages/index.html.erb within layouts/application
  Rendered shared/_main_nav.html.erb (0.8ms)
  Rendered shared/_masthead.html.erb (0.4ms)
  Rendered shared/_sections_nav.html.erb (0.6ms)
  Rendered shared/_search_modal.html.erb (0.7ms)
  Rendered shared/_main_content.html.erb (3.0ms)
  Rendered static_pages/index.html.erb within layouts/application (29.0ms)
Completed 200 OK in 95ms (Views: 89.6ms | ActiveRecord: 0.0ms)


Started GET "/" for ::1 at 2021-01-07 10:09:01 -0800
Processing by StaticPagesController#index as HTML
  Rendering static_pages/index.html.erb within layouts/application
  Rendered shared/_main_nav.html.erb (0.4ms)
  Rendered shared/_masthead.html.erb (0.3ms)
  Rendered shared/_sections_nav.html.erb (0.3ms)
  Rendered shared/_search_modal.html.erb (0.4ms)
  Rendered shared/_main_content.html.erb (0.3ms)
  Rendered static_pages/index.html.erb within layouts/application (23.0ms)
Completed 200 OK in 69ms (Views: 64.0ms | ActiveRecord: 0.0ms)


Started GET "/assets/application.self-8af64ade973f6b3f5d85b41b5d7253ae5e89794e6089265670878eaea2016cb7.css?body=1&livereload=1610043023275" for ::1 at 2021-01-07 10:10:23 -0800
Started GET "/assets/application.self-8af64ade973f6b3f5d85b41b5d7253ae5e89794e6089265670878eaea2016cb7.css?body=1&livereload=1610043023280" for ::1 at 2021-01-07 10:10:23 -0800
Started GET "/assets/application.self-8af64ade973f6b3f5d85b41b5d7253ae5e89794e6089265670878eaea2016cb7.css?body=1&livereload=1610043026372" for ::1 at 2021-01-07 10:10:26 -0800
Started GET "/assets/application.self-8af64ade973f6b3f5d85b41b5d7253ae5e89794e6089265670878eaea2016cb7.css?body=1&livereload=1610043026373" for ::1 at 2021-01-07 10:10:26 -0800
Started GET "/assets/application.self-8af64ade973f6b3f5d85b41b5d7253ae5e89794e6089265670878eaea2016cb7.css?body=1&livereload=1610043064003" for ::1 at 2021-01-07 10:11:04 -0800
Started GET "/assets/application.self-8af64ade973f6b3f5d85b41b5d7253ae5e89794e6089265670878eaea2016cb7.css?body=1&livereload=1610043064000" for ::1 at 2021-01-07 10:11:04 -0800
Started GET "/assets/application.self-8af64ade973f6b3f5d85b41b5d7253ae5e89794e6089265670878eaea2016cb7.css?body=1&livereload=1610043070743" for ::1 at 2021-01-07 10:11:10 -0800
Started GET "/assets/application.self-8af64ade973f6b3f5d85b41b5d7253ae5e89794e6089265670878eaea2016cb7.css?body=1&livereload=1610043070744" for ::1 at 2021-01-07 10:11:10 -0800
Started GET "/assets/application.self-8af64ade973f6b3f5d85b41b5d7253ae5e89794e6089265670878eaea2016cb7.css?body=1&livereload=1610043075612" for ::1 at 2021-01-07 10:11:15 -0800
Started GET "/assets/application.self-8af64ade973f6b3f5d85b41b5d7253ae5e89794e6089265670878eaea2016cb7.css?body=1&livereload=1610043075610" for ::1 at 2021-01-07 10:11:15 -0800
Started GET "/assets/application.self-8af64ade973f6b3f5d85b41b5d7253ae5e89794e6089265670878eaea2016cb7.css?body=1&livereload=1610043082162" for ::1 at 2021-01-07 10:11:22 -0800
Started GET "/assets/application.self-8af64ade973f6b3f5d85b41b5d7253ae5e89794e6089265670878eaea2016cb7.css?body=1&livereload=1610043082165" for ::1 at 2021-01-07 10:11:22 -0800
Started GET "/assets/application.self-8af64ade973f6b3f5d85b41b5d7253ae5e89794e6089265670878eaea2016cb7.css?body=1&livereload=1610043084427" for ::1 at 2021-01-07 10:11:24 -0800
Started GET "/assets/application.self-8af64ade973f6b3f5d85b41b5d7253ae5e89794e6089265670878eaea2016cb7.css?body=1&livereload=1610043084429" for ::1 at 2021-01-07 10:11:24 -0800
Started GET "/assets/application.self-8af64ade973f6b3f5d85b41b5d7253ae5e89794e6089265670878eaea2016cb7.css?body=1&livereload=1610043100232" for ::1 at 2021-01-07 10:11:40 -0800
Started GET "/assets/application.self-8af64ade973f6b3f5d85b41b5d7253ae5e89794e6089265670878eaea2016cb7.css?body=1&livereload=1610043100230" for ::1 at 2021-01-07 10:11:40 -0800
Started GET "/assets/application.self-8af64ade973f6b3f5d85b41b5d7253ae5e89794e6089265670878eaea2016cb7.css?body=1&livereload=1610043116969" for ::1 at 2021-01-07 10:11:56 -0800
Started GET "/assets/application.self-8af64ade973f6b3f5d85b41b5d7253ae5e89794e6089265670878eaea2016cb7.css?body=1&livereload=1610043116971" for ::1 at 2021-01-07 10:11:56 -0800
Started GET "/" for ::1 at 2021-01-07 10:11:58 -0800
Processing by StaticPagesController#index as HTML
  Rendering static_pages/index.html.erb within layouts/application
  Rendered shared/_main_nav.html.erb (1.2ms)
  Rendered shared/_masthead.html.erb (0.7ms)
  Rendered shared/_sections_nav.html.erb (0.5ms)
  Rendered shared/_search_modal.html.erb (1.1ms)
  Rendered shared/_main_content.html.erb (0.7ms)
  Rendered static_pages/index.html.erb within layouts/application (52.2ms)
Completed 500 Internal Server Error in 203ms (ActiveRecord: 0.0ms)



Sass::SyntaxError - Invalid CSS after "	border-radius": expected ";", was ":":
  app/views/layouts/application.html.erb:7:in `_app_views_layouts_application_html_erb__1965400693238284056_70312036201060'

Started POST "/__better_errors/639426c25f9ba202/variables" for ::1 at 2021-01-07 10:11:59 -0800
Started GET "/" for ::1 at 2021-01-07 10:16:07 -0800
Processing by StaticPagesController#index as HTML
  Rendering static_pages/index.html.erb within layouts/application
  Rendered shared/_main_nav.html.erb (1.6ms)
  Rendered shared/_masthead.html.erb (1.5ms)
  Rendered shared/_sections_nav.html.erb (2.5ms)
  Rendered shared/_search_modal.html.erb (1.2ms)
  Rendered shared/_main_content.html.erb (0.9ms)
  Rendered static_pages/index.html.erb within layouts/application (88.3ms)
Completed 200 OK in 453ms (Views: 441.3ms | ActiveRecord: 0.0ms)


Started GET "/assets/application.self-f93ac120b7fe3972b599a69d94edce6f3e76513253584d786f6b81dbf55ca318.css?body=1" for ::1 at 2021-01-07 10:16:08 -0800
Started GET "/" for ::1 at 2021-01-07 10:16:42 -0800
Processing by StaticPagesController#index as HTML
  Rendering static_pages/index.html.erb within layouts/application
  Rendered shared/_main_nav.html.erb (0.7ms)
  Rendered shared/_masthead.html.erb (0.6ms)
  Rendered shared/_sections_nav.html.erb (0.7ms)
  Rendered shared/_search_modal.html.erb (0.6ms)
  Rendered shared/_main_content.html.erb (0.3ms)
  Rendered static_pages/index.html.erb within layouts/application (38.8ms)
Completed 200 OK in 87ms (Views: 82.3ms | ActiveRecord: 0.0ms)


